<?xml version="1.0" encoding="UTF-8"?>
<!-- Generated by org.testng.reporters.JUnitXMLReporter -->
<testsuite hostname="LAPTOP-58598IPQ" name="Test" tests="3" failures="1" timestamp="9 Aug 2020 12:58:00 GMT" time="73.851" errors="0">
  <testcase name="verifyTitle" time="19.101" classname="academy.VerifyTitleTest">
    <failure type="java.lang.AssertionError" message="expected [FEATURED COURSES 123] but found [FEATURED COURSES]">
      <![CDATA[java.lang.AssertionError: expected [FEATURED COURSES 123] but found [FEATURED COURSES]
	at academy.VerifyTitleTest.verifyTitle(VerifyTitleTest.java:36)
... Removed 29 stack frames]]>
    </failure>
  </testcase> <!-- verifyTitle -->
  <testcase name="basePageNavigation" time="30.079" classname="academy.HomePageTest"/>
  <testcase name="basePageNavigation" time="10.036" classname="academy.HomePageTest"/>
</testsuite> <!-- Test -->
